

HI-TECH Software PICC Macro Assembler V8.05PL2
Serial number: HCPIC-00000                            Mon Jun 25 15:33:34 2007

Licensed to: MITSOS FOREVER
     1                           	processor	16F876
     2                           	opt	pw 79
     3                           	psect	__Z00000RS_,global,delta=1
     4                           	psect	text0,local,class=CODE,delta=2
     5                           	psect	text1,local,class=CODE,delta=2
     6  0000                     
     7  0000                     
     8  0000                     
     9  0000                     
    10  0000                     
    11  0000                     
    12  0000                     
    13  0000                     
    14  0000                     
    15  0000                     
    16                           
    17                           	psect	__Z00000RS_
    18  0190                     
    19  0190                     
    20                           
    21                           	psect	text0
    22  07B8                     _main
    23                           ;	_data assigned to ?a_main+0
    24  0000                     _main$data	set	?a_main
    25                           ;CarCtrl_PIC.c: 25: char data;
    26  07B8  3003               	movlw	3
    27  07B9  1683               	bsf	3,5
    28  07BA  1303               	bcf	3,6	;carry unused
    29  07BB  0086               	movwf	6	;volatile
    30                           ;CarCtrl_PIC.c: 37: T1CON=0B00111100;
    31  07BC  303C               	movlw	60
    32  07BD  1283               	bcf	3,5
    33  07BE  0090               	movwf	16	;volatile
    34                           ;CarCtrl_PIC.c: 40: PORTB=0;
    35  07BF  0186               	clrf	6	;volatile
    36                           ;CarCtrl_PIC.c: 95: switch(data)
    37  07C0  2FD0               	goto	l2
    38  07C1                     l16
    39                           ;CarCtrl_PIC.c: 96: {
    40                           ;CarCtrl_PIC.c: 99: {
    41  07C1  1386               	bcf	6,7
    42  07C2  2FC4               	goto	L1
    43                           ;CarCtrl_PIC.c: 102: RB6=0;
    44                           ;CarCtrl_PIC.c: 104: break;
    45  07C3                     l17
    46                           ;CarCtrl_PIC.c: 105: }
    47                           ;CarCtrl_PIC.c: 109: {
    48  07C3  1786               	bsf	6,7
    49  07C4                     L1
    50                           ;CarCtrl_PIC.c: 112: RB6=0;
    51  07C4  1306               	bcf	6,6
    52                           ;CarCtrl_PIC.c: 114: break;
    53  07C5  2FD0               	goto	l2
    54  07C6                     l18
    55                           ;CarCtrl_PIC.c: 115: }
    56                           ;CarCtrl_PIC.c: 119: {
    57  07C6  1386               	bcf	6,7
    58                           ;CarCtrl_PIC.c: 122: RB6=1;
    59  07C7  1706               	bsf	6,6
    60                           ;CarCtrl_PIC.c: 124: break;
    61  07C8  2FD0               	goto	l2
    62  07C9                     l19
    63                           ;CarCtrl_PIC.c: 125: }
    64                           ;CarCtrl_PIC.c: 129: {
    65  07C9  1206               	bcf	6,4
    66  07CA  2FCC               	goto	L2
    67                           ;CarCtrl_PIC.c: 132: RB5=0;
    68                           ;CarCtrl_PIC.c: 134: break;
    69  07CB                     l20
    70                           ;CarCtrl_PIC.c: 135: }
    71                           ;CarCtrl_PIC.c: 139: {
    72  07CB  1606               	bsf	6,4
    73  07CC                     L2
    74                           ;CarCtrl_PIC.c: 142: RB5=0;
    75  07CC  1286               	bcf	6,5
    76                           ;CarCtrl_PIC.c: 144: break;
    77  07CD  2FD0               	goto	l2
    78  07CE                     l21
    79                           ;CarCtrl_PIC.c: 145: }
    80                           ;CarCtrl_PIC.c: 149: {
    81  07CE  1206               	bcf	6,4
    82                           ;CarCtrl_PIC.c: 152: RB5=1;
    83  07CF  1686               	bsf	6,5
    84                           ;CarCtrl_PIC.c: 154: break;
    85  07D0                     l2
    86                           ;CarCtrl_PIC.c: 43: for(;;)
    87                           ;CarCtrl_PIC.c: 46: if(RB0)
    88  07D0  1C06               	btfss	6,0
    89  07D1  2FDA               	goto	l5
    90                           ;CarCtrl_PIC.c: 47: {
    91  07D2  1003               	bcf	3,0
    92  07D3  0DA0               	rlf	?a_main
    93                           ;CarCtrl_PIC.c: 52: TMR1ON=0;
    94  07D4  1010               	bcf	16,0
    95                           ;CarCtrl_PIC.c: 53: TMR1H=0;
    96  07D5  018F               	clrf	15	;volatile
    97                           ;CarCtrl_PIC.c: 54: TMR1L=0;
    98  07D6  018E               	clrf	14	;volatile
    99                           ;CarCtrl_PIC.c: 57: while(RB0==1);
   100  07D7                     l6
   101  07D7  1806               	btfsc	6,0
   102  07D8  2FD7               	goto	l6
   103                           ;CarCtrl_PIC.c: 60: TMR1ON=1;
   104  07D9  1410               	bsf	16,0
   105  07DA                     l5
   106                           ;CarCtrl_PIC.c: 61: }
   107  07DA  1C86               	btfss	6,1
   108  07DB  2FE4               	goto	l9
   109                           ;CarCtrl_PIC.c: 65: {
   110  07DC  1403               	bsf	3,0
   111  07DD  0DA0               	rlf	?a_main
   112                           ;CarCtrl_PIC.c: 70: TMR1ON=0;
   113  07DE  1010               	bcf	16,0
   114                           ;CarCtrl_PIC.c: 71: TMR1H=0;
   115  07DF  018F               	clrf	15	;volatile
   116                           ;CarCtrl_PIC.c: 72: TMR1L=0;
   117  07E0  018E               	clrf	14	;volatile
   118                           ;CarCtrl_PIC.c: 75: while(RB1==1);
   119  07E1                     l10
   120  07E1  1886               	btfsc	6,1
   121  07E2  2FE1               	goto	l10
   122                           ;CarCtrl_PIC.c: 78: TMR1ON=1;
   123  07E3  1410               	bsf	16,0
   124  07E4                     l9
   125                           ;CarCtrl_PIC.c: 79: }
   126  07E4  1C0C               	btfss	12,0
   127  07E5  2FD0               	goto	l2
   128                           ;CarCtrl_PIC.c: 83: {
   129  07E6  3008               	movlw	8
   130  07E7  0686               	xorwf	6
   131                           ;CarCtrl_PIC.c: 88: TMR1IF=0;
   132  07E8  100C               	bcf	12,0
   133                           ;CarCtrl_PIC.c: 89: TMR1ON=0;
   134  07E9  1010               	bcf	16,0
   135                           ;CarCtrl_PIC.c: 92: data=data&7;
   136  07EA  3007               	movlw	7
   137  07EB  05A0               	andwf	?a_main
   138  07EC  0820               	movf	?a_main,w
   139  07ED  3A01               	xorlw	1
   140  07EE  1903               	btfsc	3,2
   141  07EF  2FC1               	goto	l16
   142  07F0  3A03               	xorlw	3
   143  07F1  1903               	btfsc	3,2
   144  07F2  2FC3               	goto	l17
   145  07F3  3A01               	xorlw	1
   146  07F4  1903               	btfsc	3,2
   147  07F5  2FC6               	goto	l18
   148  07F6  3A07               	xorlw	7
   149  07F7  1903               	btfsc	3,2
   150  07F8  2FC9               	goto	l19
   151  07F9  3A01               	xorlw	1
   152  07FA  1903               	btfsc	3,2
   153  07FB  2FCB               	goto	l20
   154  07FC  3A03               	xorlw	3
   155  07FD  1903               	btfsc	3,2
   156  07FE  2FCE               	goto	l21
   157  07FF  2FD0               	goto	l2
   158                           
   159                           	psect	text1
   160  0000                     
   161  0000                     
   162  0000                     
   163  0000                     
   164  0000                     
   165  0000                     
   166  0000                     
   167  0000                     
   168  0000                     
   169  0000                     
   170  0000                     
   171  0000                     
   172  0000                     
   173  0000                     
   174  0000                     
   175  0000                     
   176  0000                     
   177  0000                     
   178  0000                     
   179  0000                     
   180  0000                     
   181  0000                     
   182  0000                     
   183  0000                     
   184  0000                     
   185  0000                     
   186  0000                     
   187  0000                     
   188  0000                     
   189  0000                     
   190  0000                     
   191  0000                     
   192  0000                     
   193  0000                     
   194  0000                     
   195  0000                     
   196  0000                     
   197  0000                     
   198  0000                     
   199  0000                     
   200  0000                     
   201  0000                     
   202  0000                     
   203  0000                     
   204  0000                     
   205  0000                     
   206  0000                     
   207  0000                     
   208  0000                     
   209  0000                     
   210  0000                     
   211  0000                     
   212  0000                     
   213  0000                     
   214  0000                     
   215  0000                     
   216  0000                     
   217  0000                     
   218  0000                     
   219  0000                     
   220  0000                     
   221  0000                     
   222  0000                     
   223  0000                     
   224  0000                     
   225  0000                     
   226  0000                     
   227  0000                     
   228  0000                     
   229  0000                     
   230  0000                     
   231  0000                     
   232  0000                     
   233  0000                     
   234  0000                     
   235  0000                     
   236  0000                     
   237  0000                     
   238  0000                     
   239  0000                     
   240  0000                     
   241  0000                     
   242  0000                     
   243  0000                     
   244  0000                     
   245  0000                     
   246  0000                     
   247  0000                     
   248  0000                     
   249  0000                     
   250  0000                     
   251  0000                     
   252  0000                     
   253  0000                     
   254  0000                     
   255  0000                     
   256  0000                     
   257  0000                     
   258  0000                     
   259  0000                     
   260  0000                     
   261  0000                     
   262  0000                     
   263  0000                     
   264  0000                     
   265  0000                     
   266  0000                     
   267  0000                     
   268  0000                     
   269  0000                     
   270  0000                     
   271  0000                     
   272  0000                     
   273  0000                     
   274  0000                     
   275  0000                     
   276  0000                     
   277  0000                     
   278  0000                     
   279  0000                     
   280  0000                     
   281  0000                     
   282  0000                     
   283  0000                     
   284  0000                     
   285  0000                     
   286  0000                     
   287  0000                     
   288  0000                     
   289  0000                     
   290  0000                     
   291  0000                     
   292  0000                     
   293  0000                     
   294  0000                     
   295  0000                     
   296  0000                     
   297  0000                     
   298  0000                     
   299  0000                     
   300  0000                     
   301  0000                     
   302  0000                     
   303  0000                     
   304  0000                     
   305  0000                     
   306  0000                     
   307  0000                     
   308  0000                     
   309  0000                     
   310  0000                     
   311  0000                     
   312  0000                     
   313  0000                     
   314  0000                     
   315  0000                     
   316  0000                     
   317  0000                     
   318  0000                     
   319  0000                     
   320  0000                     
   321  0000                     
   322  0000                     
   323  0000                     
   324  0000                     
   325  0000                     
   326  0000                     
   327  0000                     
   328  0000                     
   329  0000                     
   330  0000                     
   331  0000                     
   332  0000                     
   333  0000                     
   334  0000                     
   335  0000                     
   336  0000                     
   337  0000                     
   338  0000                     
   339  0000                     
   340  0000                     
   341  0000                     
   342  0000                     
   343  0000                     
   344  0000                     
   345  0000                     
   346  0000                     
   347  0000                     
   348  0000                     
   349  0000                     
   350  0000                     
   351  0000                     
   352  0000                     
   353  0000                     
   354  0000                     
   355  0000                     
   356  0000                     
   357  0000                     
   358  0000                     
   359  0000                     
   360  0000                     
   361  0000                     
   362  0000                     
   363  0000                     
   364  0000                     
   365  0000                     
   366  0000                     
   367  0000                     
   368  0000                     
   369  0000                     
   370  0000                     
   371  0000                     
   372  0000                     
   373  0000                     
   374  0000                     
   375  0000                     
   376  0000                     
   377  0000                     
   378  0000                     
   379  0000                     
   380  0000                     
   381  0000                     
   382  0000                     
   383  0000                     


HI-TECH Software PICC Macro Assembler V8.05PL2
Symbol Table                                          Mon Jun 25 15:33:34 2007

    ?a_main 0020           l2 07D0           l5 07DA           l6 07D7  
         l9 07E4          l10 07E1          l20 07CB          l21 07CE  
        l16 07C1          l17 07C3          l18 07C6          l19 07C9  
      _main 07B8        start 0004       status 0003  
